<?xml version="1.0" encoding="UTF-8"?>
<testng-results ignored="0" total="1" passed="0" failed="1" skipped="0">
  <reporter-output>
  </reporter-output>
  <suite started-at="2021-11-05T12:57:15 IST" name="Suite" finished-at="2021-11-05T12:57:40 IST" duration-ms="25239">
    <groups>
    </groups>
    <test started-at="2021-11-05T12:57:15 IST" name="Test" finished-at="2021-11-05T12:57:40 IST" duration-ms="25239">
      <class name="Test.TestNG_Demo">
        <test-method is-config="true" signature="setupTest()[pri:0, instance:Test.TestNG_Demo@f0c8a99]" started-at="2021-11-05T12:57:15 IST" name="setupTest" finished-at="2021-11-05T12:57:28 IST" duration-ms="13636" status="PASS">
          <reporter-output>
          </reporter-output>
        </test-method> <!-- setupTest -->
        <test-method signature="googleSearch()[pri:0, instance:Test.TestNG_Demo@f0c8a99]" started-at="2021-11-05T12:57:29 IST" name="googleSearch" finished-at="2021-11-05T12:57:35 IST" duration-ms="6191" status="FAIL">
          <exception class="org.openqa.selenium.ElementNotInteractableException">
            <message>
              <![CDATA[element not interactable
  (Session info: chrome=95.0.4638.69)
Build info: version: '4.0.0-beta-3', revision: '5d108f9a67'
System info: host: 'LAPTOP-F5QH9J9V', ip: '192.168.1.100', os.name: 'Windows 10', os.arch: 'amd64', os.version: '10.0', java.version: '15.0.2'
Driver info: org.openqa.selenium.chrome.ChromeDriver
Command: [177fb2f1477fd7a3b6a0383ca01ad9c6, sendKeysToElement {id=aac0af58-f936-45f7-ae59-137a8a9e66cf, value=[Ljava.lang.CharSequence;@ea9e141}]
Capabilities {acceptInsecureCerts: false, browserName: chrome, browserVersion: 95.0.4638.69, chrome: {chromedriverVersion: 95.0.4638.54 (d31a821ec901f..., userDataDir: C:\Users\PRAGYAN\AppData\Lo...}, goog:chromeOptions: {debuggerAddress: localhost:62757}, javascriptEnabled: true, networkConnectionEnabled: false, pageLoadStrategy: normal, platform: WINDOWS, platformName: WINDOWS, proxy: Proxy(), se:cdp: ws://localhost:62757/devtoo..., se:cdpVersion: 95.0.4638.69, setWindowRect: true, strictFileInteractability: false, timeouts: {implicit: 0, pageLoad: 300000, script: 30000}, unhandledPromptBehavior: dismiss and notify, webauthn:extension:credBlob: true, webauthn:extension:largeBlob: true, webauthn:virtualAuthenticators: true}
Element: [[ChromeDriver: chrome on WINDOWS (177fb2f1477fd7a3b6a0383ca01ad9c6)] -> name: btnK]
Session ID: 177fb2f1477fd7a3b6a0383ca01ad9c6]]>
            </message>
            <full-stacktrace>
              <![CDATA[org.openqa.selenium.ElementNotInteractableException: element not interactable
  (Session info: chrome=95.0.4638.69)
Build info: version: '4.0.0-beta-3', revision: '5d108f9a67'
System info: host: 'LAPTOP-F5QH9J9V', ip: '192.168.1.100', os.name: 'Windows 10', os.arch: 'amd64', os.version: '10.0', java.version: '15.0.2'
Driver info: org.openqa.selenium.chrome.ChromeDriver
Command: [177fb2f1477fd7a3b6a0383ca01ad9c6, sendKeysToElement {id=aac0af58-f936-45f7-ae59-137a8a9e66cf, value=[Ljava.lang.CharSequence;@ea9e141}]
Capabilities {acceptInsecureCerts: false, browserName: chrome, browserVersion: 95.0.4638.69, chrome: {chromedriverVersion: 95.0.4638.54 (d31a821ec901f..., userDataDir: C:\Users\PRAGYAN\AppData\Lo...}, goog:chromeOptions: {debuggerAddress: localhost:62757}, javascriptEnabled: true, networkConnectionEnabled: false, pageLoadStrategy: normal, platform: WINDOWS, platformName: WINDOWS, proxy: Proxy(), se:cdp: ws://localhost:62757/devtoo..., se:cdpVersion: 95.0.4638.69, setWindowRect: true, strictFileInteractability: false, timeouts: {implicit: 0, pageLoad: 300000, script: 30000}, unhandledPromptBehavior: dismiss and notify, webauthn:extension:credBlob: true, webauthn:extension:largeBlob: true, webauthn:virtualAuthenticators: true}
Element: [[ChromeDriver: chrome on WINDOWS (177fb2f1477fd7a3b6a0383ca01ad9c6)] -> name: btnK]
Session ID: 177fb2f1477fd7a3b6a0383ca01ad9c6
at java.base/jdk.internal.reflect.NativeConstructorAccessorImpl.newInstance0(Native Method)
at java.base/jdk.internal.reflect.NativeConstructorAccessorImpl.newInstance(NativeConstructorAccessorImpl.java:64)
at java.base/jdk.internal.reflect.DelegatingConstructorAccessorImpl.newInstance(DelegatingConstructorAccessorImpl.java:45)
at java.base/java.lang.reflect.Constructor.newInstanceWithCaller(Constructor.java:500)
at java.base/java.lang.reflect.Constructor.newInstance(Constructor.java:481)
at org.openqa.selenium.remote.codec.w3c.W3CHttpResponseCodec.createException(W3CHttpResponseCodec.java:198)
at org.openqa.selenium.remote.codec.w3c.W3CHttpResponseCodec.decode(W3CHttpResponseCodec.java:131)
at org.openqa.selenium.remote.codec.w3c.W3CHttpResponseCodec.decode(W3CHttpResponseCodec.java:52)
at org.openqa.selenium.remote.HttpCommandExecutor.execute(HttpCommandExecutor.java:184)
at org.openqa.selenium.remote.service.DriverCommandExecutor.invokeExecute(DriverCommandExecutor.java:153)
at org.openqa.selenium.remote.service.DriverCommandExecutor.execute(DriverCommandExecutor.java:128)
at org.openqa.selenium.remote.RemoteWebDriver.execute(RemoteWebDriver.java:619)
at org.openqa.selenium.remote.RemoteWebElement.execute(RemoteWebElement.java:237)
at org.openqa.selenium.remote.RemoteWebElement.sendKeys(RemoteWebElement.java:105)
at Test.TestNG_Demo.googleSearch(TestNG_Demo.java:34)
at java.base/jdk.internal.reflect.NativeMethodAccessorImpl.invoke0(Native Method)
at java.base/jdk.internal.reflect.NativeMethodAccessorImpl.invoke(NativeMethodAccessorImpl.java:64)
at java.base/jdk.internal.reflect.DelegatingMethodAccessorImpl.invoke(DelegatingMethodAccessorImpl.java:43)
at java.base/java.lang.reflect.Method.invoke(Method.java:564)
at org.testng.internal.MethodInvocationHelper.invokeMethod(MethodInvocationHelper.java:133)
at org.testng.internal.TestInvoker.invokeMethod(TestInvoker.java:598)
at org.testng.internal.TestInvoker.invokeTestMethod(TestInvoker.java:173)
at org.testng.internal.MethodRunner.runInSequence(MethodRunner.java:46)
at org.testng.internal.TestInvoker$MethodInvocationAgent.invoke(TestInvoker.java:824)
at org.testng.internal.TestInvoker.invokeTestMethods(TestInvoker.java:146)
at org.testng.internal.TestMethodWorker.invokeTestMethods(TestMethodWorker.java:146)
at org.testng.internal.TestMethodWorker.run(TestMethodWorker.java:128)
at java.base/java.util.ArrayList.forEach(ArrayList.java:1511)
at org.testng.TestRunner.privateRun(TestRunner.java:794)
at org.testng.TestRunner.run(TestRunner.java:596)
at org.testng.SuiteRunner.runTest(SuiteRunner.java:377)
at org.testng.SuiteRunner.runSequentially(SuiteRunner.java:371)
at org.testng.SuiteRunner.privateRun(SuiteRunner.java:332)
at org.testng.SuiteRunner.run(SuiteRunner.java:276)
at org.testng.SuiteRunnerWorker.runSuite(SuiteRunnerWorker.java:53)
at org.testng.SuiteRunnerWorker.run(SuiteRunnerWorker.java:96)
at org.testng.TestNG.runSuitesSequentially(TestNG.java:1212)
at org.testng.TestNG.runSuitesLocally(TestNG.java:1134)
at org.testng.TestNG.runSuites(TestNG.java:1063)
at org.testng.TestNG.run(TestNG.java:1031)
at org.testng.remote.AbstractRemoteTestNG.run(AbstractRemoteTestNG.java:115)
at org.testng.remote.RemoteTestNG.initAndRun(RemoteTestNG.java:251)
at org.testng.remote.RemoteTestNG.main(RemoteTestNG.java:77)
]]>
            </full-stacktrace>
          </exception> <!-- org.openqa.selenium.ElementNotInteractableException -->
          <reporter-output>
          </reporter-output>
        </test-method> <!-- googleSearch -->
        <test-method is-config="true" signature="tearDownTest()[pri:0, instance:Test.TestNG_Demo@f0c8a99]" started-at="2021-11-05T12:57:35 IST" name="tearDownTest" finished-at="2021-11-05T12:57:40 IST" duration-ms="5298" status="PASS">
          <reporter-output>
          </reporter-output>
        </test-method> <!-- tearDownTest -->
      </class> <!-- Test.TestNG_Demo -->
    </test> <!-- Test -->
  </suite> <!-- Suite -->
</testng-results>
